
> web-frontend@0.1.0 dev
> vite


  VITE v5.4.21  ready in 1649 ms

  ➜  Local:   http://localhost:3000/
  ➜  Network: http://194.60.87.30:3000/
  ➜  Network: http://172.24.0.1:3000/
4:05:39 PM [vite] page reload src/NotificationCenter.js
4:05:39 PM [vite] page reload src/NotificationCenter.js
4:08:20 PM [vite] page reload src/NotificationCenter.js
4:19:19 PM [vite] page reload src/App.js
4:20:39 PM [vite] page reload src/App.js
4:23:52 PM [vite] page reload src/App.js
4:28:20 PM [vite] page reload src/App.js
4:34:12 PM [vite] page reload src/App.js
4:36:19 PM [vite] page reload src/App.js
4:36:21 PM [vite] ws proxy socket error:
Error: read ECONNRESET
    at TCP.onStreamRead (node:internal/stream_base_commons:218:20)
4:38:18 PM [vite] page reload src/App.js
4:39:23 PM [vite] page reload src/App.js
4:40:14 PM [vite] page reload src/App.js
4:40:48 PM [vite] page reload src/App.js
4:41:28 PM [vite] page reload src/App.js
4:47:09 PM [vite] page reload src/App.js
4:49:13 PM [vite] page reload src/App.js
4:49:23 PM [vite] page reload src/App.js
4:53:25 PM [vite] page reload src/App.js
4:53:36 PM [vite] page reload src/App.js
4:53:36 PM [vite] page reload src/App.js
4:57:19 PM [vite] page reload src/App.js
4:57:31 PM [vite] page reload src/App.js
5:01:08 PM [vite] page reload src/App.js
5:01:16 PM [vite] page reload src/App.js
5:07:17 PM [vite] page reload src/App.js
5:08:02 PM [vite] page reload src/App.js
5:08:11 PM [vite] page reload src/App.js
5:08:33 PM [vite] page reload src/App.js
5:13:29 PM [vite] page reload src/App.js
5:13:41 PM [vite] page reload src/App.js
5:17:56 PM [vite] page reload src/App.js
5:22:37 PM [vite] page reload src/NotificationCenter.js
5:27:32 PM [vite] page reload src/App.js
5:30:14 PM [vite] page reload src/NotificationCenter.js
5:32:25 PM [vite] page reload src/NotificationCenter.js
5:32:46 PM [vite] page reload src/NotificationCenter.js
5:36:14 PM [vite] page reload src/App.js
5:36:32 PM [vite] page reload src/NotificationCenter.js
5:38:26 PM [vite] page reload src/App.js
5:39:14 PM [vite] page reload src/App.js
5:41:15 PM [vite] page reload src/App.js
5:41:49 PM [vite] page reload src/NotificationCenter.js
5:43:12 PM [vite] page reload src/App.js
5:43:55 PM [vite] page reload src/App.js
5:46:18 PM [vite] page reload src/App.js
5:46:31 PM [vite] page reload src/NotificationCenter.js
5:47:46 PM [vite] page reload src/NotificationCenter.js
5:48:23 PM [vite] page reload src/App.js
5:50:38 PM [vite] page reload src/App.js
5:52:46 PM [vite] page reload src/App.js
5:52:58 PM [vite] page reload src/NotificationCenter.js
5:56:08 PM [vite] page reload src/App.js
5:58:03 PM [vite] page reload src/App.js
5:59:54 PM [vite] page reload src/App.js
6:01:31 PM [vite] page reload src/App.js
6:02:08 PM [vite] page reload src/App.js
6:04:36 PM [vite] page reload src/App.js
6:07:45 PM [vite] page reload src/App.js
6:07:54 PM [vite] page reload src/App.js
6:09:36 PM [vite] page reload src/App.js
6:10:06 PM [vite] page reload src/App.js
6:12:41 PM [vite] page reload src/NotificationCenter.js
6:12:50 PM [vite] page reload src/NotificationCenter.js
6:13:58 PM [vite] page reload src/NotificationCenter.js
6:18:09 PM [vite] page reload src/NotificationCenter.js
6:18:16 PM [vite] page reload src/NotificationCenter.js
6:18:22 PM [vite] page reload src/NotificationCenter.js
6:19:01 PM [vite] page reload src/App.js
6:20:56 PM [vite] page reload src/NotificationCenter.js
6:27:24 PM [vite] page reload src/App.js
The request url "/root/linera-protocol/examples/gmic-buildathon/web-frontend/.env" is outside of Vite serving allow list.

- /root/linera-protocol/examples

Refer to docs https://vite.dev/config/server-options.html#server-fs-allow for configurations and more details.

1:18:46 AM [vite] page reload src/NotificationCenter.js
1:25:41 AM [vite] page reload src/NotificationCenter.js
1:27:13 AM [vite] page reload src/NotificationCenter.js
1:27:36 AM [vite] page reload src/NotificationCenter.js
1:30:24 AM [vite] page reload src/NotificationCenter.js
1:30:32 AM [vite] page reload src/App.js
1:32:16 AM [vite] page reload src/NotificationCenter.js
1:35:25 AM [vite] page reload src/NotificationCenter.js
1:36:23 AM [vite] page reload src/NotificationCenter.js
1:37:53 AM [vite] page reload src/NotificationCenter.js
1:38:34 AM [vite] page reload src/App.js
1:42:30 AM [vite] page reload src/App.js
1:42:31 AM [vite] Pre-transform error: Transform failed with 1 error:
/root/linera-protocol/examples/gmic-buildathon/web-frontend/src/App.js:780:8: ERROR: The symbol "processedEventsRef" has already been declared
1:42:33 AM [vite] Internal server error: Transform failed with 1 error:
/root/linera-protocol/examples/gmic-buildathon/web-frontend/src/App.js:780:8: ERROR: The symbol "processedEventsRef" has already been declared
  Plugin: vite:esbuild
  File: /root/linera-protocol/examples/gmic-buildathon/web-frontend/src/App.js:780:8
  
  The symbol "processedEventsRef" has already been declared
  778|  
  779|    // 使用ref来跟踪已处理的事件数据，避免重复处理
  780|    const processedEventsRef = useRef(new Set());
     |          ^
  781|    
  782|    useEffect(() => {
  
      at failureErrorWithLog (/root/linera-protocol/examples/gmic-buildathon/web-frontend/node_modules/esbuild/lib/main.js:1472:15)
      at /root/linera-protocol/examples/gmic-buildathon/web-frontend/node_modules/esbuild/lib/main.js:755:50
      at responseCallbacks.<computed> (/root/linera-protocol/examples/gmic-buildathon/web-frontend/node_modules/esbuild/lib/main.js:622:9)
      at handleIncomingPacket (/root/linera-protocol/examples/gmic-buildathon/web-frontend/node_modules/esbuild/lib/main.js:677:12)
      at Socket.readFromStdout (/root/linera-protocol/examples/gmic-buildathon/web-frontend/node_modules/esbuild/lib/main.js:600:7)
      at Socket.emit (node:events:524:28)
      at addChunk (node:internal/streams/readable:561:12)
      at readableAddChunkPushByteMode (node:internal/streams/readable:512:3)
      at Readable.push (node:internal/streams/readable:392:5)
      at Pipe.onStreamRead (node:internal/stream_base_commons:191:23)
1:42:35 AM [vite] Internal server error: Transform failed with 1 error:
/root/linera-protocol/examples/gmic-buildathon/web-frontend/src/App.js:780:8: ERROR: The symbol "processedEventsRef" has already been declared
  Plugin: vite:esbuild
  File: /root/linera-protocol/examples/gmic-buildathon/web-frontend/src/App.js:780:8
  
  The symbol "processedEventsRef" has already been declared
  778|  
  779|    // 使用ref来跟踪已处理的事件数据，避免重复处理
  780|    const processedEventsRef = useRef(new Set());
     |          ^
  781|    
  782|    useEffect(() => {
  
      at failureErrorWithLog (/root/linera-protocol/examples/gmic-buildathon/web-frontend/node_modules/esbuild/lib/main.js:1472:15)
      at /root/linera-protocol/examples/gmic-buildathon/web-frontend/node_modules/esbuild/lib/main.js:755:50
      at responseCallbacks.<computed> (/root/linera-protocol/examples/gmic-buildathon/web-frontend/node_modules/esbuild/lib/main.js:622:9)
      at handleIncomingPacket (/root/linera-protocol/examples/gmic-buildathon/web-frontend/node_modules/esbuild/lib/main.js:677:12)
      at Socket.readFromStdout (/root/linera-protocol/examples/gmic-buildathon/web-frontend/node_modules/esbuild/lib/main.js:600:7)
      at Socket.emit (node:events:524:28)
      at addChunk (node:internal/streams/readable:561:12)
      at readableAddChunkPushByteMode (node:internal/streams/readable:512:3)
      at Readable.push (node:internal/streams/readable:392:5)
      at Pipe.onStreamRead (node:internal/stream_base_commons:191:23)
1:42:50 AM [vite] Internal server error: Transform failed with 1 error:
/root/linera-protocol/examples/gmic-buildathon/web-frontend/src/App.js:780:8: ERROR: The symbol "processedEventsRef" has already been declared
  Plugin: vite:esbuild
  File: /root/linera-protocol/examples/gmic-buildathon/web-frontend/src/App.js:780:8
  
  The symbol "processedEventsRef" has already been declared
  778|  
  779|    // 使用ref来跟踪已处理的事件数据，避免重复处理
  780|    const processedEventsRef = useRef(new Set());
     |          ^
  781|    
  782|    useEffect(() => {
  
      at failureErrorWithLog (/root/linera-protocol/examples/gmic-buildathon/web-frontend/node_modules/esbuild/lib/main.js:1472:15)
      at /root/linera-protocol/examples/gmic-buildathon/web-frontend/node_modules/esbuild/lib/main.js:755:50
      at responseCallbacks.<computed> (/root/linera-protocol/examples/gmic-buildathon/web-frontend/node_modules/esbuild/lib/main.js:622:9)
      at handleIncomingPacket (/root/linera-protocol/examples/gmic-buildathon/web-frontend/node_modules/esbuild/lib/main.js:677:12)
      at Socket.readFromStdout (/root/linera-protocol/examples/gmic-buildathon/web-frontend/node_modules/esbuild/lib/main.js:600:7)
      at Socket.emit (node:events:524:28)
      at addChunk (node:internal/streams/readable:561:12)
      at readableAddChunkPushByteMode (node:internal/streams/readable:512:3)
      at Readable.push (node:internal/streams/readable:392:5)
      at Pipe.onStreamRead (node:internal/stream_base_commons:191:23)
1:44:15 AM [vite] page reload src/App.js
1:47:22 AM [vite] page reload src/App.js
1:48:09 AM [vite] page reload src/App.js
1:50:34 AM [vite] page reload src/App.js
1:50:51 AM [vite] page reload src/App.js
1:53:32 AM [vite] page reload src/App.js
1:59:02 AM [vite] page reload src/App.js
2:02:07 AM [vite] page reload src/App.js
2:05:35 AM [vite] page reload src/App.js
2:08:13 AM [vite] page reload src/App.js
2:08:21 AM [vite] page reload src/App.js
2:12:06 AM [vite] page reload src/App.js
2:17:00 AM [vite] page reload src/App.js
2:21:39 AM [vite] page reload src/App.js
2:21:46 AM [vite] page reload src/App.js
2:22:00 AM [vite] page reload src/App.js
2:22:30 AM [vite] page reload src/App.js
2:22:46 AM [vite] page reload src/App.js
2:23:00 AM [vite] page reload src/App.js
2:23:05 AM [vite] page reload src/App.js
2:24:15 AM [vite] page reload src/App.js
2:28:14 AM [vite] page reload src/NotificationCenter.js
2:28:24 AM [vite] page reload src/NotificationCenter.js
2:28:37 AM [vite] page reload src/NotificationCenter.js
2:28:44 AM [vite] page reload src/NotificationCenter.js
2:28:52 AM [vite] page reload src/NotificationCenter.js
2:29:03 AM [vite] page reload src/NotificationCenter.js
2:29:11 AM [vite] page reload src/NotificationCenter.js
2:32:27 AM [vite] page reload src/NotificationCenter.js
2:32:35 AM [vite] page reload src/NotificationCenter.js
2:32:43 AM [vite] page reload src/NotificationCenter.js
2:32:55 AM [vite] page reload src/NotificationCenter.js
2:33:09 AM [vite] page reload src/NotificationCenter.js
2:34:02 AM [vite] page reload src/NotificationCenter.js
2:34:11 AM [vite] page reload src/App.js
2:34:45 AM [vite] page reload src/App.js
2:35:48 AM [vite] page reload src/GMOperations.js
2:36:06 AM [vite] page reload src/App.js
2:36:28 AM [vite] page reload src/App.js
2:37:13 AM [vite] page reload src/App.js
2:39:18 AM [vite] page reload src/App.js
2:41:02 AM [vite] page reload src/App.js
2:44:39 AM [vite] page reload src/App.js
2:45:04 AM [vite] page reload src/App.js
2:45:09 AM [vite] page reload src/App.js
2:47:58 AM [vite] page reload src/GMOperations.js
2:48:13 AM [vite] page reload src/GMOperations.js
2:49:13 AM [vite] page reload src/NotificationCenter.js
2:49:24 AM [vite] page reload src/GraphQLProvider.js
2:49:52 AM [vite] page reload src/WalletProvider.js
2:50:24 AM [vite] page reload src/queries.js
2:52:10 AM [vite] page reload src/App.js
2:56:29 AM [vite] page reload src/NotificationCenter.js
2:57:08 AM [vite] page reload src/NotificationCenter.js
2:59:11 AM [vite] page reload src/NotificationCenter.js
2:59:26 AM [vite] page reload src/NotificationCenter.js
3:00:02 AM [vite] page reload src/NotificationCenter.js
3:03:37 AM [vite] page reload src/App.js
3:04:01 AM [vite] page reload src/App.js
3:05:15 AM [vite] page reload src/NotificationCenter.js
3:07:46 AM [vite] page reload src/NotificationCenter.js
3:08:31 AM [vite] page reload src/NotificationCenter.js
3:09:29 AM [vite] page reload src/NotificationCenter.js
3:14:40 AM [vite] page reload src/NotificationCenter.js
3:14:51 AM [vite] page reload src/NotificationCenter.js
3:27:16 AM [vite] page reload src/NotificationCenter.js
3:27:24 AM [vite] page reload src/NotificationCenter.js
3:29:22 AM [vite] page reload src/NotificationCenter.js
3:29:54 AM [vite] page reload src/NotificationCenter.js
3:33:19 AM [vite] page reload src/NotificationCenter.js
3:35:49 AM [vite] page reload src/NotificationCenter.js
3:43:59 AM [vite] page reload src/index.js
3:45:35 AM [vite] page reload src/GraphQLProvider.js
3:45:49 AM [vite] page reload src/GraphQLProvider.js
3:46:22 AM [vite] page reload src/GraphQLProvider.js
3:46:35 AM [vite] page reload src/index.js
4:03:33 AM [vite] page reload src/GMOperations.js
4:04:19 AM [vite] page reload src/GMOperations.js
4:04:54 AM [vite] page reload src/GMOperations.js
4:05:20 AM [vite] page reload src/GraphQLProvider.js
4:05:28 AM [vite] page reload src/GraphQLProvider.js
4:07:14 AM [vite] page reload src/GraphQLProvider.js
4:09:16 AM [vite] page reload src/App.js
4:09:25 AM [vite] page reload src/GMOperations.js
4:09:36 AM [vite] page reload src/GMOperations.js
4:13:51 AM [vite] page reload src/GMOperations.js
4:20:11 AM [vite] page reload src/GMOperations.js
4:22:11 AM [vite] page reload src/GMOperations.js
4:24:58 AM [vite] page reload src/GMOperations.js
4:25:10 AM [vite] page reload src/GMOperations.js
4:25:15 AM [vite] page reload src/GMOperations.js
4:26:07 AM [vite] page reload src/GMOperations.js
4:26:13 AM [vite] page reload src/GMOperations.js
4:26:14 AM [vite] Pre-transform error: Transform failed with 1 error:
/root/linera-protocol/examples/gmic-buildathon/web-frontend/src/GMOperations.js:273:8: ERROR: The symbol "queryChainId" has already been declared
4:26:18 AM [vite] Internal server error: Transform failed with 1 error:
/root/linera-protocol/examples/gmic-buildathon/web-frontend/src/GMOperations.js:273:8: ERROR: The symbol "queryChainId" has already been declared
  Plugin: vite:esbuild
  File: /root/linera-protocol/examples/gmic-buildathon/web-frontend/src/GMOperations.js:273:8
  
  The symbol "queryChainId" has already been declared
  271|    }, [gmEventsError, chainId, subscriptionConnectionStatus.retryCount]);
  272|  
  273|    const queryChainId = getQueryChainId(currentChainId, chainId);
     |          ^
  274|    const { data, refetch, error: queryError, loading } = useQuery(GET_GM_STATS, {
  275|      variables: { chainId: queryChainId, owner: currentAccount ? formatAccountOwner(currentAccount) : null },
  
      at failureErrorWithLog (/root/linera-protocol/examples/gmic-buildathon/web-frontend/node_modules/esbuild/lib/main.js:1472:15)
      at /root/linera-protocol/examples/gmic-buildathon/web-frontend/node_modules/esbuild/lib/main.js:755:50
      at responseCallbacks.<computed> (/root/linera-protocol/examples/gmic-buildathon/web-frontend/node_modules/esbuild/lib/main.js:622:9)
      at handleIncomingPacket (/root/linera-protocol/examples/gmic-buildathon/web-frontend/node_modules/esbuild/lib/main.js:677:12)
      at Socket.readFromStdout (/root/linera-protocol/examples/gmic-buildathon/web-frontend/node_modules/esbuild/lib/main.js:600:7)
      at Socket.emit (node:events:524:28)
      at addChunk (node:internal/streams/readable:561:12)
      at readableAddChunkPushByteMode (node:internal/streams/readable:512:3)
      at Readable.push (node:internal/streams/readable:392:5)
      at Pipe.onStreamRead (node:internal/stream_base_commons:191:23)
4:26:19 AM [vite] Internal server error: Transform failed with 1 error:
/root/linera-protocol/examples/gmic-buildathon/web-frontend/src/GMOperations.js:273:8: ERROR: The symbol "queryChainId" has already been declared
  Plugin: vite:esbuild
  File: /root/linera-protocol/examples/gmic-buildathon/web-frontend/src/GMOperations.js:273:8
  
  The symbol "queryChainId" has already been declared
  271|    }, [gmEventsError, chainId, subscriptionConnectionStatus.retryCount]);
  272|  
  273|    const queryChainId = getQueryChainId(currentChainId, chainId);
     |          ^
  274|    const { data, refetch, error: queryError, loading } = useQuery(GET_GM_STATS, {
  275|      variables: { chainId: queryChainId, owner: currentAccount ? formatAccountOwner(currentAccount) : null },
  
      at failureErrorWithLog (/root/linera-protocol/examples/gmic-buildathon/web-frontend/node_modules/esbuild/lib/main.js:1472:15)
      at /root/linera-protocol/examples/gmic-buildathon/web-frontend/node_modules/esbuild/lib/main.js:755:50
      at responseCallbacks.<computed> (/root/linera-protocol/examples/gmic-buildathon/web-frontend/node_modules/esbuild/lib/main.js:622:9)
      at handleIncomingPacket (/root/linera-protocol/examples/gmic-buildathon/web-frontend/node_modules/esbuild/lib/main.js:677:12)
      at Socket.readFromStdout (/root/linera-protocol/examples/gmic-buildathon/web-frontend/node_modules/esbuild/lib/main.js:600:7)
      at Socket.emit (node:events:524:28)
      at addChunk (node:internal/streams/readable:561:12)
      at readableAddChunkPushByteMode (node:internal/streams/readable:512:3)
      at Readable.push (node:internal/streams/readable:392:5)
      at Pipe.onStreamRead (node:internal/stream_base_commons:191:23)
4:26:24 AM [vite] page reload src/GMOperations.js
4:26:24 AM [vite] Pre-transform error: Transform failed with 1 error:
/root/linera-protocol/examples/gmic-buildathon/web-frontend/src/GMOperations.js:273:8: ERROR: The symbol "queryChainId" has already been declared
4:26:27 AM [vite] Internal server error: Transform failed with 1 error:
/root/linera-protocol/examples/gmic-buildathon/web-frontend/src/GMOperations.js:273:8: ERROR: The symbol "queryChainId" has already been declared
  Plugin: vite:esbuild
  File: /root/linera-protocol/examples/gmic-buildathon/web-frontend/src/GMOperations.js:273:8
  
  The symbol "queryChainId" has already been declared
  271|    }, [gmEventsError, chainId, subscriptionConnectionStatus.retryCount]);
  272|  
  273|    const queryChainId = getQueryChainId(currentChainId, chainId);
     |          ^
  274|    const { data, refetch, error: queryError, loading } = useQuery(GET_GM_STATS, {
  275|      variables: { chainId: queryChainId, owner: currentAccount ? formatAccountOwner(currentAccount) : null },
  
      at failureErrorWithLog (/root/linera-protocol/examples/gmic-buildathon/web-frontend/node_modules/esbuild/lib/main.js:1472:15)
      at /root/linera-protocol/examples/gmic-buildathon/web-frontend/node_modules/esbuild/lib/main.js:755:50
      at responseCallbacks.<computed> (/root/linera-protocol/examples/gmic-buildathon/web-frontend/node_modules/esbuild/lib/main.js:622:9)
      at handleIncomingPacket (/root/linera-protocol/examples/gmic-buildathon/web-frontend/node_modules/esbuild/lib/main.js:677:12)
      at Socket.readFromStdout (/root/linera-protocol/examples/gmic-buildathon/web-frontend/node_modules/esbuild/lib/main.js:600:7)
      at Socket.emit (node:events:524:28)
      at addChunk (node:internal/streams/readable:561:12)
      at readableAddChunkPushByteMode (node:internal/streams/readable:512:3)
      at Readable.push (node:internal/streams/readable:392:5)
      at Pipe.onStreamRead (node:internal/stream_base_commons:191:23)
4:26:30 AM [vite] Internal server error: Transform failed with 1 error:
/root/linera-protocol/examples/gmic-buildathon/web-frontend/src/GMOperations.js:273:8: ERROR: The symbol "queryChainId" has already been declared
  Plugin: vite:esbuild
  File: /root/linera-protocol/examples/gmic-buildathon/web-frontend/src/GMOperations.js:273:8
  
  The symbol "queryChainId" has already been declared
  271|    }, [gmEventsError, chainId, subscriptionConnectionStatus.retryCount]);
  272|  
  273|    const queryChainId = getQueryChainId(currentChainId, chainId);
     |          ^
  274|    const { data, refetch, error: queryError, loading } = useQuery(GET_GM_STATS, {
  275|      variables: { chainId: queryChainId, owner: currentAccount ? formatAccountOwner(currentAccount) : null },
  
      at failureErrorWithLog (/root/linera-protocol/examples/gmic-buildathon/web-frontend/node_modules/esbuild/lib/main.js:1472:15)
      at /root/linera-protocol/examples/gmic-buildathon/web-frontend/node_modules/esbuild/lib/main.js:755:50
      at responseCallbacks.<computed> (/root/linera-protocol/examples/gmic-buildathon/web-frontend/node_modules/esbuild/lib/main.js:622:9)
      at handleIncomingPacket (/root/linera-protocol/examples/gmic-buildathon/web-frontend/node_modules/esbuild/lib/main.js:677:12)
      at Socket.readFromStdout (/root/linera-protocol/examples/gmic-buildathon/web-frontend/node_modules/esbuild/lib/main.js:600:7)
      at Socket.emit (node:events:524:28)
      at addChunk (node:internal/streams/readable:561:12)
      at readableAddChunkPushByteMode (node:internal/streams/readable:512:3)
      at Readable.push (node:internal/streams/readable:392:5)
      at Pipe.onStreamRead (node:internal/stream_base_commons:191:23)
4:26:37 AM [vite] page reload src/GMOperations.js
4:26:37 AM [vite] Pre-transform error: Transform failed with 1 error:
/root/linera-protocol/examples/gmic-buildathon/web-frontend/src/GMOperations.js:273:8: ERROR: The symbol "queryChainId" has already been declared
4:26:40 AM [vite] Internal server error: Transform failed with 1 error:
/root/linera-protocol/examples/gmic-buildathon/web-frontend/src/GMOperations.js:273:8: ERROR: The symbol "queryChainId" has already been declared
  Plugin: vite:esbuild
  File: /root/linera-protocol/examples/gmic-buildathon/web-frontend/src/GMOperations.js:273:8
  
  The symbol "queryChainId" has already been declared
  271|    }, [gmEventsError, chainId, subscriptionConnectionStatus.retryCount]);
  272|  
  273|    const queryChainId = getQueryChainId(currentChainId, chainId);
     |          ^
  274|    const { data, refetch, error: queryError, loading } = useQuery(GET_GM_STATS, {
  275|      variables: { chainId: queryChainId, owner: currentAccount ? formatAccountOwner(currentAccount) : null },
  
      at failureErrorWithLog (/root/linera-protocol/examples/gmic-buildathon/web-frontend/node_modules/esbuild/lib/main.js:1472:15)
      at /root/linera-protocol/examples/gmic-buildathon/web-frontend/node_modules/esbuild/lib/main.js:755:50
      at responseCallbacks.<computed> (/root/linera-protocol/examples/gmic-buildathon/web-frontend/node_modules/esbuild/lib/main.js:622:9)
      at handleIncomingPacket (/root/linera-protocol/examples/gmic-buildathon/web-frontend/node_modules/esbuild/lib/main.js:677:12)
      at Socket.readFromStdout (/root/linera-protocol/examples/gmic-buildathon/web-frontend/node_modules/esbuild/lib/main.js:600:7)
      at Socket.emit (node:events:524:28)
      at addChunk (node:internal/streams/readable:561:12)
      at readableAddChunkPushByteMode (node:internal/streams/readable:512:3)
      at Readable.push (node:internal/streams/readable:392:5)
      at Pipe.onStreamRead (node:internal/stream_base_commons:191:23)
4:26:41 AM [vite] Internal server error: Transform failed with 1 error:
/root/linera-protocol/examples/gmic-buildathon/web-frontend/src/GMOperations.js:273:8: ERROR: The symbol "queryChainId" has already been declared
  Plugin: vite:esbuild
  File: /root/linera-protocol/examples/gmic-buildathon/web-frontend/src/GMOperations.js:273:8
  
  The symbol "queryChainId" has already been declared
  271|    }, [gmEventsError, chainId, subscriptionConnectionStatus.retryCount]);
  272|  
  273|    const queryChainId = getQueryChainId(currentChainId, chainId);
     |          ^
  274|    const { data, refetch, error: queryError, loading } = useQuery(GET_GM_STATS, {
  275|      variables: { chainId: queryChainId, owner: currentAccount ? formatAccountOwner(currentAccount) : null },
  
      at failureErrorWithLog (/root/linera-protocol/examples/gmic-buildathon/web-frontend/node_modules/esbuild/lib/main.js:1472:15)
      at /root/linera-protocol/examples/gmic-buildathon/web-frontend/node_modules/esbuild/lib/main.js:755:50
      at responseCallbacks.<computed> (/root/linera-protocol/examples/gmic-buildathon/web-frontend/node_modules/esbuild/lib/main.js:622:9)
      at handleIncomingPacket (/root/linera-protocol/examples/gmic-buildathon/web-frontend/node_modules/esbuild/lib/main.js:677:12)
      at Socket.readFromStdout (/root/linera-protocol/examples/gmic-buildathon/web-frontend/node_modules/esbuild/lib/main.js:600:7)
      at Socket.emit (node:events:524:28)
      at addChunk (node:internal/streams/readable:561:12)
      at readableAddChunkPushByteMode (node:internal/streams/readable:512:3)
      at Readable.push (node:internal/streams/readable:392:5)
      at Pipe.onStreamRead (node:internal/stream_base_commons:191:23)
4:27:37 AM [vite] page reload src/GMOperations.js
4:29:10 AM [vite] page reload src/GMOperations.js
4:29:16 AM [vite] page reload src/GMOperations.js
4:32:46 AM [vite] page reload src/NotificationCenter.js
4:35:31 AM [vite] page reload src/NotificationCenter.js
4:40:36 AM [vite] page reload src/NotificationCenter.js
4:45:27 AM [vite] page reload src/NotificationCenter.js
4:45:33 AM [vite] page reload src/NotificationCenter.js
4:47:48 AM [vite] page reload src/NotificationCenter.js
4:47:54 AM [vite] page reload src/NotificationCenter.js
4:50:40 AM [vite] page reload src/NotificationCenter.js
4:58:04 AM [vite] hmr update /src/App.css
4:58:29 AM [vite] hmr update /src/App.css
5:01:08 AM [vite] page reload src/NotificationCenter.js
5:05:47 AM [vite] page reload src/NotificationCenter.js
5:05:53 AM [vite] page reload src/NotificationCenter.js
5:13:17 AM [vite] page reload src/NotificationCenter.js
5:17:54 AM [vite] page reload src/NotificationCenter.js
5:18:04 AM [vite] page reload src/NotificationCenter.js
5:18:12 AM [vite] page reload src/NotificationCenter.js
6:32:47 AM [vite] page reload src/NotificationCenter.js
6:32:59 AM [vite] page reload src/NotificationCenter.js
6:34:38 AM [vite] page reload src/NotificationCenter.js
6:40:16 AM [vite] page reload src/NotificationCenter.js
6:40:48 AM [vite] page reload src/NotificationCenter.js
6:44:42 AM [vite] page reload src/NotificationCenter.js
6:47:46 AM [vite] page reload src/NotificationCenter.js
6:47:55 AM [vite] page reload src/NotificationCenter.js
6:51:23 AM [vite] page reload src/NotificationCenter.js
6:51:36 AM [vite] page reload src/NotificationCenter.js
6:54:44 AM [vite] page reload src/NotificationCenter.js
6:55:16 AM [vite] page reload src/NotificationCenter.js
6:55:28 AM [vite] page reload src/NotificationCenter.js
6:58:52 AM [vite] page reload src/NotificationCenter.js
6:59:35 AM [vite] page reload src/NotificationCenter.js
7:02:08 AM [vite] page reload src/NotificationCenter.js
7:02:25 AM [vite] page reload src/NotificationCenter.js
7:02:54 AM [vite] page reload src/NotificationCenter.js
9:49:03 AM [vite] page reload src/NotificationCenter.js
9:49:13 AM [vite] page reload src/NotificationCenter.js
9:52:04 AM [vite] page reload src/NotificationCenter.js
9:54:53 AM [vite] page reload src/NotificationCenter.js
9:54:59 AM [vite] page reload src/NotificationCenter.js
9:58:10 AM [vite] page reload src/App.js
9:58:24 AM [vite] page reload src/App.js
10:02:42 AM [vite] page reload src/App.js
10:04:49 AM [vite] page reload src/App.js
10:06:30 AM [vite] page reload src/App.js
10:09:08 AM [vite] page reload src/App.js
10:12:34 AM [vite] page reload src/App.js
10:14:31 AM [vite] page reload src/App.js
10:14:49 AM [vite] page reload src/App.js
10:15:08 AM [vite] page reload src/App.js
10:15:43 AM [vite] page reload src/App.js
10:15:51 AM [vite] page reload src/App.js
10:17:49 AM [vite] page reload src/App.js
10:49:24 AM [vite] page reload src/App.js
10:58:19 AM [vite] page reload src/App.js
10:58:59 AM [vite] page reload src/App.js
11:03:23 AM [vite] page reload src/App.js
11:08:06 AM [vite] page reload src/App.js
11:10:56 AM [vite] page reload src/App.js
11:18:00 AM [vite] page reload src/App.js
11:18:41 AM [vite] page reload src/App.js
11:19:04 AM [vite] page reload src/App.js
11:23:20 AM [vite] page reload src/App.js
11:23:55 AM [vite] page reload src/App.js
11:24:26 AM [vite] page reload src/App.js
11:25:12 AM [vite] page reload src/App.js
11:26:41 AM [vite] page reload src/App.js
11:38:02 AM [vite] page reload src/App.js
11:38:11 AM [vite] page reload src/App.js
11:44:17 AM [vite] page reload src/App.js
11:46:01 AM [vite] hmr update /src/App.css
11:49:50 AM [vite] hmr update /src/App.css
11:53:54 AM [vite] hmr update /src/App.css
11:55:24 AM [vite] page reload src/App.js
11:59:32 AM [vite] page reload src/App.js
12:02:52 PM [vite] page reload src/App.js
12:08:42 PM [vite] page reload src/App.js
12:08:49 PM [vite] page reload src/App.js
12:17:16 PM [vite] page reload src/WalletProvider.js
12:20:20 PM [vite] page reload src/WalletProvider.js
12:45:47 PM [vite] page reload src/WalletProvider.js
12:46:08 PM [vite] page reload src/WalletProvider.js
12:46:28 PM [vite] page reload src/WalletProvider.js
12:55:51 PM [vite] page reload src/NotificationCenter.js
12:59:15 PM [vite] page reload src/NotificationCenter.js
12:59:40 PM [vite] page reload src/NotificationCenter.js
1:03:09 PM [vite] page reload src/NotificationCenter.js
1:03:10 PM [vite] Pre-transform error: Transform failed with 1 error:
/root/linera-protocol/examples/gmic-buildathon/web-frontend/src/NotificationCenter.js:521:3: ERROR: Expected ")" but found ";"
1:03:14 PM [vite] Internal server error: Transform failed with 1 error:
/root/linera-protocol/examples/gmic-buildathon/web-frontend/src/NotificationCenter.js:521:3: ERROR: Expected ")" but found ";"
  Plugin: vite:esbuild
  File: /root/linera-protocol/examples/gmic-buildathon/web-frontend/src/NotificationCenter.js:521:3
  
  Expected ")" but found ";"
  519|      });
  520|      startAutoHideTimer();
  521|    };
     |     ^
  522|  
  523|    const formatTimestamp = (timestamp) => {
  
      at failureErrorWithLog (/root/linera-protocol/examples/gmic-buildathon/web-frontend/node_modules/esbuild/lib/main.js:1472:15)
      at /root/linera-protocol/examples/gmic-buildathon/web-frontend/node_modules/esbuild/lib/main.js:755:50
      at responseCallbacks.<computed> (/root/linera-protocol/examples/gmic-buildathon/web-frontend/node_modules/esbuild/lib/main.js:622:9)
      at handleIncomingPacket (/root/linera-protocol/examples/gmic-buildathon/web-frontend/node_modules/esbuild/lib/main.js:677:12)
      at Socket.readFromStdout (/root/linera-protocol/examples/gmic-buildathon/web-frontend/node_modules/esbuild/lib/main.js:600:7)
      at Socket.emit (node:events:524:28)
      at addChunk (node:internal/streams/readable:561:12)
      at readableAddChunkPushByteMode (node:internal/streams/readable:512:3)
      at Readable.push (node:internal/streams/readable:392:5)
      at Pipe.onStreamRead (node:internal/stream_base_commons:191:23)
1:03:15 PM [vite] Internal server error: Transform failed with 1 error:
/root/linera-protocol/examples/gmic-buildathon/web-frontend/src/NotificationCenter.js:521:3: ERROR: Expected ")" but found ";"
  Plugin: vite:esbuild
  File: /root/linera-protocol/examples/gmic-buildathon/web-frontend/src/NotificationCenter.js:521:3
  
  Expected ")" but found ";"
  519|      });
  520|      startAutoHideTimer();
  521|    };
     |     ^
  522|  
  523|    const formatTimestamp = (timestamp) => {
  
      at failureErrorWithLog (/root/linera-protocol/examples/gmic-buildathon/web-frontend/node_modules/esbuild/lib/main.js:1472:15)
      at /root/linera-protocol/examples/gmic-buildathon/web-frontend/node_modules/esbuild/lib/main.js:755:50
      at responseCallbacks.<computed> (/root/linera-protocol/examples/gmic-buildathon/web-frontend/node_modules/esbuild/lib/main.js:622:9)
      at handleIncomingPacket (/root/linera-protocol/examples/gmic-buildathon/web-frontend/node_modules/esbuild/lib/main.js:677:12)
      at Socket.readFromStdout (/root/linera-protocol/examples/gmic-buildathon/web-frontend/node_modules/esbuild/lib/main.js:600:7)
      at Socket.emit (node:events:524:28)
      at addChunk (node:internal/streams/readable:561:12)
      at readableAddChunkPushByteMode (node:internal/streams/readable:512:3)
      at Readable.push (node:internal/streams/readable:392:5)
      at Pipe.onStreamRead (node:internal/stream_base_commons:191:23)
1:03:19 PM [vite] page reload src/NotificationCenter.js
1:04:15 PM [vite] page reload src/NotificationCenter.js
1:08:59 PM [vite] page reload src/NotificationCenter.js
1:12:56 PM [vite] page reload src/NotificationCenter.js
1:12:57 PM [vite] Pre-transform error: Transform failed with 1 error:
/root/linera-protocol/examples/gmic-buildathon/web-frontend/src/NotificationCenter.js:324:8: ERROR: The symbol "showNotification" has already been declared
1:13:02 PM [vite] Internal server error: Transform failed with 1 error:
/root/linera-protocol/examples/gmic-buildathon/web-frontend/src/NotificationCenter.js:324:8: ERROR: The symbol "showNotification" has already been declared
  Plugin: vite:esbuild
  File: /root/linera-protocol/examples/gmic-buildathon/web-frontend/src/NotificationCenter.js:324:8
  
  The symbol "showNotification" has already been declared
  322|    };
  323|  
  324|    const showNotification = (recipientRecord, notificationId) => {
     |          ^
  325|      // 将新通知添加到队列
  326|      setNotificationQueue(prevQueue => {
  
      at failureErrorWithLog (/root/linera-protocol/examples/gmic-buildathon/web-frontend/node_modules/esbuild/lib/main.js:1472:15)
      at /root/linera-protocol/examples/gmic-buildathon/web-frontend/node_modules/esbuild/lib/main.js:755:50
      at responseCallbacks.<computed> (/root/linera-protocol/examples/gmic-buildathon/web-frontend/node_modules/esbuild/lib/main.js:622:9)
      at handleIncomingPacket (/root/linera-protocol/examples/gmic-buildathon/web-frontend/node_modules/esbuild/lib/main.js:677:12)
      at Socket.readFromStdout (/root/linera-protocol/examples/gmic-buildathon/web-frontend/node_modules/esbuild/lib/main.js:600:7)
      at Socket.emit (node:events:524:28)
      at addChunk (node:internal/streams/readable:561:12)
      at readableAddChunkPushByteMode (node:internal/streams/readable:512:3)
      at Readable.push (node:internal/streams/readable:392:5)
      at Pipe.onStreamRead (node:internal/stream_base_commons:191:23)
1:13:03 PM [vite] page reload src/NotificationCenter.js
1:13:04 PM [vite] Pre-transform error: Transform failed with 2 errors:
/root/linera-protocol/examples/gmic-buildathon/web-frontend/src/NotificationCenter.js:324:8: ERROR: The symbol "showNotification" has already been declared
/root/linera-protocol/examples/gmic-buildathon/web-frontend/src/NotificationCenter.js:844:0: ERROR: Unexpected "}"
1:13:08 PM [vite] Internal server error: Transform failed with 2 errors:
/root/linera-protocol/examples/gmic-buildathon/web-frontend/src/NotificationCenter.js:324:8: ERROR: The symbol "showNotification" has already been declared
/root/linera-protocol/examples/gmic-buildathon/web-frontend/src/NotificationCenter.js:844:0: ERROR: Unexpected "}"
  Plugin: vite:esbuild
  File: /root/linera-protocol/examples/gmic-buildathon/web-frontend/src/NotificationCenter.js:324:8
  
  The symbol "showNotification" has already been declared
  322|    };
  323|  
  324|    const showNotification = (recipientRecord, notificationId) => {
     |          ^
  325|      // 将新通知添加到队列
  326|      setNotificationQueue(prevQueue => {
  
  Unexpected "}"
  842|      </>
  843|    );
  844|  };
     |  ^
  845|  
  846|  export default NotificationCenter;
  
      at failureErrorWithLog (/root/linera-protocol/examples/gmic-buildathon/web-frontend/node_modules/esbuild/lib/main.js:1472:15)
      at /root/linera-protocol/examples/gmic-buildathon/web-frontend/node_modules/esbuild/lib/main.js:755:50
      at responseCallbacks.<computed> (/root/linera-protocol/examples/gmic-buildathon/web-frontend/node_modules/esbuild/lib/main.js:622:9)
      at handleIncomingPacket (/root/linera-protocol/examples/gmic-buildathon/web-frontend/node_modules/esbuild/lib/main.js:677:12)
      at Socket.readFromStdout (/root/linera-protocol/examples/gmic-buildathon/web-frontend/node_modules/esbuild/lib/main.js:600:7)
      at Socket.emit (node:events:524:28)
      at addChunk (node:internal/streams/readable:561:12)
      at readableAddChunkPushByteMode (node:internal/streams/readable:512:3)
      at Readable.push (node:internal/streams/readable:392:5)
      at Pipe.onStreamRead (node:internal/stream_base_commons:191:23)
1:13:09 PM [vite] Internal server error: Transform failed with 2 errors:
/root/linera-protocol/examples/gmic-buildathon/web-frontend/src/NotificationCenter.js:324:8: ERROR: The symbol "showNotification" has already been declared
/root/linera-protocol/examples/gmic-buildathon/web-frontend/src/NotificationCenter.js:844:0: ERROR: Unexpected "}"
  Plugin: vite:esbuild
  File: /root/linera-protocol/examples/gmic-buildathon/web-frontend/src/NotificationCenter.js:324:8
  
  The symbol "showNotification" has already been declared
  322|    };
  323|  
  324|    const showNotification = (recipientRecord, notificationId) => {
     |          ^
  325|      // 将新通知添加到队列
  326|      setNotificationQueue(prevQueue => {
  
  Unexpected "}"
  842|      </>
  843|    );
  844|  };
     |  ^
  845|  
  846|  export default NotificationCenter;
  
      at failureErrorWithLog (/root/linera-protocol/examples/gmic-buildathon/web-frontend/node_modules/esbuild/lib/main.js:1472:15)
      at /root/linera-protocol/examples/gmic-buildathon/web-frontend/node_modules/esbuild/lib/main.js:755:50
      at responseCallbacks.<computed> (/root/linera-protocol/examples/gmic-buildathon/web-frontend/node_modules/esbuild/lib/main.js:622:9)
      at handleIncomingPacket (/root/linera-protocol/examples/gmic-buildathon/web-frontend/node_modules/esbuild/lib/main.js:677:12)
      at Socket.readFromStdout (/root/linera-protocol/examples/gmic-buildathon/web-frontend/node_modules/esbuild/lib/main.js:600:7)
      at Socket.emit (node:events:524:28)
      at addChunk (node:internal/streams/readable:561:12)
      at readableAddChunkPushByteMode (node:internal/streams/readable:512:3)
      at Readable.push (node:internal/streams/readable:392:5)
      at Pipe.onStreamRead (node:internal/stream_base_commons:191:23)
1:14:31 PM [vite] page reload src/NotificationCenter.js
1:14:33 PM [vite] Pre-transform error: Transform failed with 1 error:
/root/linera-protocol/examples/gmic-buildathon/web-frontend/src/NotificationCenter.js:822:0: ERROR: Unexpected "}"
1:14:37 PM [vite] Internal server error: Transform failed with 1 error:
/root/linera-protocol/examples/gmic-buildathon/web-frontend/src/NotificationCenter.js:822:0: ERROR: Unexpected "}"
  Plugin: vite:esbuild
  File: /root/linera-protocol/examples/gmic-buildathon/web-frontend/src/NotificationCenter.js:822:0
  
  Unexpected "}"
  820|      </>
  821|    );
  822|  };
     |  ^
  823|  
  824|  export default NotificationCenter;
  
      at failureErrorWithLog (/root/linera-protocol/examples/gmic-buildathon/web-frontend/node_modules/esbuild/lib/main.js:1472:15)
      at /root/linera-protocol/examples/gmic-buildathon/web-frontend/node_modules/esbuild/lib/main.js:755:50
      at responseCallbacks.<computed> (/root/linera-protocol/examples/gmic-buildathon/web-frontend/node_modules/esbuild/lib/main.js:622:9)
      at handleIncomingPacket (/root/linera-protocol/examples/gmic-buildathon/web-frontend/node_modules/esbuild/lib/main.js:677:12)
      at Socket.readFromStdout (/root/linera-protocol/examples/gmic-buildathon/web-frontend/node_modules/esbuild/lib/main.js:600:7)
      at Socket.emit (node:events:524:28)
      at addChunk (node:internal/streams/readable:561:12)
      at readableAddChunkPushByteMode (node:internal/streams/readable:512:3)
      at Readable.push (node:internal/streams/readable:392:5)
      at Pipe.onStreamRead (node:internal/stream_base_commons:191:23)
1:14:39 PM [vite] Internal server error: Transform failed with 1 error:
/root/linera-protocol/examples/gmic-buildathon/web-frontend/src/NotificationCenter.js:822:0: ERROR: Unexpected "}"
  Plugin: vite:esbuild
  File: /root/linera-protocol/examples/gmic-buildathon/web-frontend/src/NotificationCenter.js:822:0
  
  Unexpected "}"
  820|      </>
  821|    );
  822|  };
     |  ^
  823|  
  824|  export default NotificationCenter;
  
      at failureErrorWithLog (/root/linera-protocol/examples/gmic-buildathon/web-frontend/node_modules/esbuild/lib/main.js:1472:15)
      at /root/linera-protocol/examples/gmic-buildathon/web-frontend/node_modules/esbuild/lib/main.js:755:50
      at responseCallbacks.<computed> (/root/linera-protocol/examples/gmic-buildathon/web-frontend/node_modules/esbuild/lib/main.js:622:9)
      at handleIncomingPacket (/root/linera-protocol/examples/gmic-buildathon/web-frontend/node_modules/esbuild/lib/main.js:677:12)
      at Socket.readFromStdout (/root/linera-protocol/examples/gmic-buildathon/web-frontend/node_modules/esbuild/lib/main.js:600:7)
      at Socket.emit (node:events:524:28)
      at addChunk (node:internal/streams/readable:561:12)
      at readableAddChunkPushByteMode (node:internal/streams/readable:512:3)
      at Readable.push (node:internal/streams/readable:392:5)
      at Pipe.onStreamRead (node:internal/stream_base_commons:191:23)
1:14:41 PM [vite] page reload src/NotificationCenter.js
1:17:12 PM [vite] page reload src/NotificationCenter.js
1:17:13 PM [vite] Pre-transform error: Transform failed with 1 error:
/root/linera-protocol/examples/gmic-buildathon/web-frontend/src/NotificationCenter.js:822:0: ERROR: Unexpected "export"
1:17:17 PM [vite] Internal server error: Transform failed with 1 error:
/root/linera-protocol/examples/gmic-buildathon/web-frontend/src/NotificationCenter.js:822:0: ERROR: Unexpected "export"
  Plugin: vite:esbuild
  File: /root/linera-protocol/examples/gmic-buildathon/web-frontend/src/NotificationCenter.js:822:0
  
  Unexpected "export"
  820|  };
  821|  
  822|  export default NotificationCenter;
     |  ^
  
      at failureErrorWithLog (/root/linera-protocol/examples/gmic-buildathon/web-frontend/node_modules/esbuild/lib/main.js:1472:15)
      at /root/linera-protocol/examples/gmic-buildathon/web-frontend/node_modules/esbuild/lib/main.js:755:50
      at responseCallbacks.<computed> (/root/linera-protocol/examples/gmic-buildathon/web-frontend/node_modules/esbuild/lib/main.js:622:9)
      at handleIncomingPacket (/root/linera-protocol/examples/gmic-buildathon/web-frontend/node_modules/esbuild/lib/main.js:677:12)
      at Socket.readFromStdout (/root/linera-protocol/examples/gmic-buildathon/web-frontend/node_modules/esbuild/lib/main.js:600:7)
      at Socket.emit (node:events:524:28)
      at addChunk (node:internal/streams/readable:561:12)
      at readableAddChunkPushByteMode (node:internal/streams/readable:512:3)
      at Readable.push (node:internal/streams/readable:392:5)
      at Pipe.onStreamRead (node:internal/stream_base_commons:191:23)
1:17:18 PM [vite] Internal server error: Transform failed with 1 error:
/root/linera-protocol/examples/gmic-buildathon/web-frontend/src/NotificationCenter.js:822:0: ERROR: Unexpected "export"
  Plugin: vite:esbuild
  File: /root/linera-protocol/examples/gmic-buildathon/web-frontend/src/NotificationCenter.js:822:0
  
  Unexpected "export"
  820|  };
  821|  
  822|  export default NotificationCenter;
     |  ^
  
      at failureErrorWithLog (/root/linera-protocol/examples/gmic-buildathon/web-frontend/node_modules/esbuild/lib/main.js:1472:15)
      at /root/linera-protocol/examples/gmic-buildathon/web-frontend/node_modules/esbuild/lib/main.js:755:50
      at responseCallbacks.<computed> (/root/linera-protocol/examples/gmic-buildathon/web-frontend/node_modules/esbuild/lib/main.js:622:9)
      at handleIncomingPacket (/root/linera-protocol/examples/gmic-buildathon/web-frontend/node_modules/esbuild/lib/main.js:677:12)
      at Socket.readFromStdout (/root/linera-protocol/examples/gmic-buildathon/web-frontend/node_modules/esbuild/lib/main.js:600:7)
      at Socket.emit (node:events:524:28)
      at addChunk (node:internal/streams/readable:561:12)
      at readableAddChunkPushByteMode (node:internal/streams/readable:512:3)
      at Readable.push (node:internal/streams/readable:392:5)
      at Pipe.onStreamRead (node:internal/stream_base_commons:191:23)
1:17:20 PM [vite] page reload src/NotificationCenter.js
1:18:46 PM [vite] page reload src/NotificationCenter.js
1:23:27 PM [vite] page reload src/NotificationCenter.js
1:27:26 PM [vite] page reload src/NotificationCenter.js
1:27:49 PM [vite] page reload src/NotificationCenter.js
1:31:23 PM [vite] page reload src/NotificationCenter.js
1:31:32 PM [vite] page reload src/NotificationCenter.js
1:35:05 PM [vite] page reload src/NotificationCenter.js
1:35:30 PM [vite] page reload src/NotificationCenter.js
1:38:10 PM [vite] page reload src/NotificationCenter.js
1:38:52 PM [vite] page reload src/NotificationCenter.js
3:11:14 PM [vite] page reload src/App.js
3:20:54 PM [vite] page reload src/App.js
3:26:31 PM [vite] page reload src/App.js
3:34:07 PM [vite] page reload src/App.js
3:34:51 PM [vite] page reload src/App.js
3:37:28 PM [vite] page reload src/App.js
3:38:20 PM [vite] page reload src/App.js
3:39:15 PM [vite] page reload src/App.js
3:40:14 PM [vite] page reload src/App.js
3:55:49 PM [vite] page reload src/App.js
3:55:58 PM [vite] page reload src/App.js
3:56:08 PM [vite] page reload src/App.js
4:11:28 PM [vite] hmr update /src/App.css
4:11:57 PM [vite] hmr update /src/App.css
The request url "/root/linera-protocol/examples/gmic-buildathon/web-frontend/.env" is outside of Vite serving allow list.
4:14:51 PM [vite] ws proxy socket error:
Error: read ECONNRESET
    at TCP.onStreamRead (node:internal/stream_base_commons:218:20)
4:15:35 PM [vite] ws proxy socket error:
Error: read ECONNRESET
    at TCP.onStreamRead (node:internal/stream_base_commons:218:20)
4:28:20 PM [vite] page reload src/App.js
4:28:43 PM [vite] page reload src/App.js
4:28:45 PM [vite] ws proxy socket error:
Error: read ECONNRESET
    at TCP.onStreamRead (node:internal/stream_base_commons:218:20)
4:31:47 PM [vite] ws proxy socket error:
Error: read ECONNRESET
    at TCP.onStreamRead (node:internal/stream_base_commons:218:20)
12:28:21 AM [vite] page reload src/GMOperations.js
12:28:34 AM [vite] page reload src/GMOperations.js
12:28:47 AM [vite] page reload src/App.js
12:28:47 AM [vite] page reload src/App.js
12:28:58 AM [vite] page reload src/App.js
12:28:59 AM [vite] page reload src/App.js
12:29:12 AM [vite] page reload src/App.js
12:29:13 AM [vite] page reload src/App.js
12:34:24 AM [vite] page reload src/NotificationCenter.js
12:41:02 AM [vite] page reload src/GMOperations.js
12:41:09 AM [vite] page reload src/App.js
12:41:10 AM [vite] page reload src/App.js
12:41:19 AM [vite] page reload src/App.js
12:41:19 AM [vite] page reload src/App.js
1:00:33 AM [vite] page reload src/NotificationCenter.js
1:01:04 AM [vite] page reload src/App.js
1:01:21 AM [vite] page reload src/App.js
1:06:45 AM [vite] page reload src/App.js
1:07:12 AM [vite] page reload src/App.js
1:08:37 AM [vite] page reload src/App.js
1:16:00 AM [vite] page reload src/App.js
1:18:34 AM [vite] page reload src/App.js
1:19:11 AM [vite] page reload src/App.js
1:22:53 AM [vite] page reload src/App.js
1:24:05 AM [vite] page reload src/App.js
1:27:49 AM [vite] page reload src/App.js
1:37:24 AM [vite] page reload src/App.js
1:37:25 AM [vite] Pre-transform error: Transform failed with 1 error:
/root/linera-protocol/examples/gmic-buildathon/web-frontend/src/App.js:1317:30: ERROR: Syntax error "\u{5c0f}"
1:37:28 AM [vite] Internal server error: Transform failed with 1 error:
/root/linera-protocol/examples/gmic-buildathon/web-frontend/src/App.js:1317:30: ERROR: Syntax error "\u{5c0f}"
  Plugin: vite:esbuild
  File: /root/linera-protocol/examples/gmic-buildathon/web-frontend/src/App.js:1317:30
  
  Syntax error "\u{5c0f}"
  1315|                            console.log('问题分析:', {
  1316|                              白名单查询正常: !!additionalData.whitelistData,
  1317|                              24小时开关状态查询异常: !gmOps.cooldownStatusData,
     |                                ^
  1318|                              GM记录查询异常: !gmOps.gmRecordData,
  1319|                              冷却状态查询异常: !gmOps.cooldownCheckData,
  
      at failureErrorWithLog (/root/linera-protocol/examples/gmic-buildathon/web-frontend/node_modules/esbuild/lib/main.js:1472:15)
      at /root/linera-protocol/examples/gmic-buildathon/web-frontend/node_modules/esbuild/lib/main.js:755:50
      at responseCallbacks.<computed> (/root/linera-protocol/examples/gmic-buildathon/web-frontend/node_modules/esbuild/lib/main.js:622:9)
      at handleIncomingPacket (/root/linera-protocol/examples/gmic-buildathon/web-frontend/node_modules/esbuild/lib/main.js:677:12)
      at Socket.readFromStdout (/root/linera-protocol/examples/gmic-buildathon/web-frontend/node_modules/esbuild/lib/main.js:600:7)
      at Socket.emit (node:events:524:28)
      at addChunk (node:internal/streams/readable:561:12)
      at readableAddChunkPushByteMode (node:internal/streams/readable:512:3)
      at Readable.push (node:internal/streams/readable:392:5)
      at Pipe.onStreamRead (node:internal/stream_base_commons:191:23)
1:37:29 AM [vite] Internal server error: Transform failed with 1 error:
/root/linera-protocol/examples/gmic-buildathon/web-frontend/src/App.js:1317:30: ERROR: Syntax error "\u{5c0f}"
  Plugin: vite:esbuild
  File: /root/linera-protocol/examples/gmic-buildathon/web-frontend/src/App.js:1317:30
  
  Syntax error "\u{5c0f}"
  1315|                            console.log('问题分析:', {
  1316|                              白名单查询正常: !!additionalData.whitelistData,
  1317|                              24小时开关状态查询异常: !gmOps.cooldownStatusData,
     |                                ^
  1318|                              GM记录查询异常: !gmOps.gmRecordData,
  1319|                              冷却状态查询异常: !gmOps.cooldownCheckData,
  
      at failureErrorWithLog (/root/linera-protocol/examples/gmic-buildathon/web-frontend/node_modules/esbuild/lib/main.js:1472:15)
      at /root/linera-protocol/examples/gmic-buildathon/web-frontend/node_modules/esbuild/lib/main.js:755:50
      at responseCallbacks.<computed> (/root/linera-protocol/examples/gmic-buildathon/web-frontend/node_modules/esbuild/lib/main.js:622:9)
      at handleIncomingPacket (/root/linera-protocol/examples/gmic-buildathon/web-frontend/node_modules/esbuild/lib/main.js:677:12)
      at Socket.readFromStdout (/root/linera-protocol/examples/gmic-buildathon/web-frontend/node_modules/esbuild/lib/main.js:600:7)
      at Socket.emit (node:events:524:28)
      at addChunk (node:internal/streams/readable:561:12)
      at readableAddChunkPushByteMode (node:internal/streams/readable:512:3)
      at Readable.push (node:internal/streams/readable:392:5)
      at Pipe.onStreamRead (node:internal/stream_base_commons:191:23)
1:40:40 AM [vite] Internal server error: Transform failed with 1 error:
/root/linera-protocol/examples/gmic-buildathon/web-frontend/src/App.js:1317:30: ERROR: Syntax error "\u{5c0f}"
  Plugin: vite:esbuild
  File: /root/linera-protocol/examples/gmic-buildathon/web-frontend/src/App.js:1317:30
  
  Syntax error "\u{5c0f}"
  1315|                            console.log('问题分析:', {
  1316|                              白名单查询正常: !!additionalData.whitelistData,
  1317|                              24小时开关状态查询异常: !gmOps.cooldownStatusData,
     |                                ^
  1318|                              GM记录查询异常: !gmOps.gmRecordData,
  1319|                              冷却状态查询异常: !gmOps.cooldownCheckData,
  
      at failureErrorWithLog (/root/linera-protocol/examples/gmic-buildathon/web-frontend/node_modules/esbuild/lib/main.js:1472:15)
      at /root/linera-protocol/examples/gmic-buildathon/web-frontend/node_modules/esbuild/lib/main.js:755:50
      at responseCallbacks.<computed> (/root/linera-protocol/examples/gmic-buildathon/web-frontend/node_modules/esbuild/lib/main.js:622:9)
      at handleIncomingPacket (/root/linera-protocol/examples/gmic-buildathon/web-frontend/node_modules/esbuild/lib/main.js:677:12)
      at Socket.readFromStdout (/root/linera-protocol/examples/gmic-buildathon/web-frontend/node_modules/esbuild/lib/main.js:600:7)
      at Socket.emit (node:events:524:28)
      at addChunk (node:internal/streams/readable:561:12)
      at readableAddChunkPushByteMode (node:internal/streams/readable:512:3)
      at Readable.push (node:internal/streams/readable:392:5)
      at Pipe.onStreamRead (node:internal/stream_base_commons:191:23)
1:43:17 AM [vite] Internal server error: Transform failed with 1 error:
/root/linera-protocol/examples/gmic-buildathon/web-frontend/src/App.js:1317:30: ERROR: Syntax error "\u{5c0f}"
  Plugin: vite:esbuild
  File: /root/linera-protocol/examples/gmic-buildathon/web-frontend/src/App.js:1317:30
  
  Syntax error "\u{5c0f}"
  1315|                            console.log('问题分析:', {
  1316|                              白名单查询正常: !!additionalData.whitelistData,
  1317|                              24小时开关状态查询异常: !gmOps.cooldownStatusData,
     |                                ^
  1318|                              GM记录查询异常: !gmOps.gmRecordData,
  1319|                              冷却状态查询异常: !gmOps.cooldownCheckData,
  
      at failureErrorWithLog (/root/linera-protocol/examples/gmic-buildathon/web-frontend/node_modules/esbuild/lib/main.js:1472:15)
      at /root/linera-protocol/examples/gmic-buildathon/web-frontend/node_modules/esbuild/lib/main.js:755:50
      at responseCallbacks.<computed> (/root/linera-protocol/examples/gmic-buildathon/web-frontend/node_modules/esbuild/lib/main.js:622:9)
      at handleIncomingPacket (/root/linera-protocol/examples/gmic-buildathon/web-frontend/node_modules/esbuild/lib/main.js:677:12)
      at Socket.readFromStdout (/root/linera-protocol/examples/gmic-buildathon/web-frontend/node_modules/esbuild/lib/main.js:600:7)
      at Socket.emit (node:events:524:28)
      at addChunk (node:internal/streams/readable:561:12)
      at readableAddChunkPushByteMode (node:internal/streams/readable:512:3)
      at Readable.push (node:internal/streams/readable:392:5)
      at Pipe.onStreamRead (node:internal/stream_base_commons:191:23)
1:43:50 AM [vite] Internal server error: Transform failed with 1 error:
/root/linera-protocol/examples/gmic-buildathon/web-frontend/src/App.js:1317:30: ERROR: Syntax error "\u{5c0f}"
  Plugin: vite:esbuild
  File: /root/linera-protocol/examples/gmic-buildathon/web-frontend/src/App.js:1317:30
  
  Syntax error "\u{5c0f}"
  1315|                            console.log('问题分析:', {
  1316|                              白名单查询正常: !!additionalData.whitelistData,
  1317|                              24小时开关状态查询异常: !gmOps.cooldownStatusData,
     |                                ^
  1318|                              GM记录查询异常: !gmOps.gmRecordData,
  1319|                              冷却状态查询异常: !gmOps.cooldownCheckData,
  
      at failureErrorWithLog (/root/linera-protocol/examples/gmic-buildathon/web-frontend/node_modules/esbuild/lib/main.js:1472:15)
      at /root/linera-protocol/examples/gmic-buildathon/web-frontend/node_modules/esbuild/lib/main.js:755:50
      at responseCallbacks.<computed> (/root/linera-protocol/examples/gmic-buildathon/web-frontend/node_modules/esbuild/lib/main.js:622:9)
      at handleIncomingPacket (/root/linera-protocol/examples/gmic-buildathon/web-frontend/node_modules/esbuild/lib/main.js:677:12)
      at Socket.readFromStdout (/root/linera-protocol/examples/gmic-buildathon/web-frontend/node_modules/esbuild/lib/main.js:600:7)
      at Socket.emit (node:events:524:28)
      at addChunk (node:internal/streams/readable:561:12)
      at readableAddChunkPushByteMode (node:internal/streams/readable:512:3)
      at Readable.push (node:internal/streams/readable:392:5)
      at Pipe.onStreamRead (node:internal/stream_base_commons:191:23)
1:44:35 AM [vite] page reload src/App.js
1:53:44 AM [vite] page reload src/App.js
1:53:52 AM [vite] page reload src/App.js
1:54:10 AM [vite] page reload src/App.js
1:54:44 AM [vite] page reload src/App.js
1:56:20 AM [vite] page reload src/App.js
1:56:33 AM [vite] page reload src/App.js
1:57:08 AM [vite] page reload src/App.js
1:57:37 AM [vite] page reload src/App.js
1:58:57 AM [vite] page reload src/App.js
1:59:33 AM [vite] page reload src/App.js
2:01:44 AM [vite] page reload src/App.js
2:02:05 AM [vite] page reload src/App.js
2:03:41 AM [vite] page reload src/App.js
6:59:06 AM [vite] page reload src/App.js
6:59:12 AM [vite] page reload src/App.js
7:04:54 AM [vite] page reload src/App.js
7:21:44 AM [vite] page reload src/App.js
7:21:53 AM [vite] page reload src/App.js
7:23:56 AM [vite] page reload src/App.js
7:25:42 AM [vite] page reload src/App.js
7:31:48 AM [vite] page reload src/GMOperations.js
7:34:19 AM [vite] page reload src/App.js
7:36:27 AM [vite] page reload src/App.js
7:38:52 AM [vite] page reload src/App.js
7:44:55 AM [vite] page reload src/GMOperations.js
7:48:26 AM [vite] page reload src/GMOperations.js
8:06:13 AM [vite] page reload src/App.js
8:11:05 AM [vite] page reload src/App.js
8:18:42 AM [vite] page reload src/GMOperations.js
8:18:56 AM [vite] page reload src/App.js
8:21:02 AM [vite] page reload src/GMOperations.js
8:22:04 AM [vite] page reload src/GMOperations.js
8:23:49 AM [vite] page reload src/GMOperations.js
8:24:48 AM [vite] page reload src/GMOperations.js
8:28:39 AM [vite] page reload src/App.js
8:33:53 AM [vite] page reload src/GMOperations.js
8:34:17 AM [vite] page reload src/GMOperations.js
8:41:48 AM [vite] page reload src/GMOperations.js
8:43:56 AM [vite] page reload src/App.js
8:44:01 AM [vite] page reload src/App.js
8:48:16 AM [vite] page reload src/GMOperations.js
8:56:50 AM [vite] page reload src/App.js
8:57:18 AM [vite] page reload src/App.js
9:21:11 AM [vite] page reload src/App.js
9:24:53 AM [vite] page reload src/App.js
9:25:35 AM [vite] page reload src/App.js
9:28:52 AM [vite] page reload src/App.js
9:31:18 AM [vite] page reload src/App.js
9:36:39 AM [vite] page reload src/App.js
9:36:47 AM [vite] page reload src/GMOperations.js
9:37:25 AM [vite] page reload src/GMOperations.js
9:37:35 AM [vite] page reload src/GMOperations.js
9:37:42 AM [vite] page reload src/App.js
9:40:56 AM [vite] page reload src/App.js
9:45:26 AM [vite] page reload src/App.js
9:49:24 AM [vite] page reload src/App.js
9:50:10 AM [vite] page reload src/App.js
9:50:19 AM [vite] page reload src/App.js
9:51:04 AM [vite] page reload src/App.js
9:51:10 AM [vite] page reload src/App.js
9:51:41 AM [vite] page reload src/App.js
9:53:32 AM [vite] page reload src/App.js
9:53:55 AM [vite] page reload src/App.js
9:54:42 AM [vite] page reload src/App.js
9:55:14 AM [vite] page reload src/App.js
9:55:42 AM [vite] page reload src/App.js
9:56:25 AM [vite] page reload src/App.js
